


-Wed Jan 27 22:26:07 2021

S: Waiting for the user to select Input


-Wed Jan 27 22:26:35 2021

S: Print Log.


-Wed Jan 27 22:26:38 2021

S: Waiting for the user to select Input


-Wed Jan 27 22:29:29 2021

S: Waiting for the user to select Input


-Fri Jan 29 11:56:01 2021

S: Waiting for the user to select Input


-Fri Jan 29 11:56:10 2021

S: Start Receiving and Sending Tokens.


-Fri Jan 29 11:56:30 2021

S: Print Log.


-Fri Jan 29 12:08:05 2021

S: Waiting for the user to select Input


-Fri Jan 29 12:08:19 2021

S: Print Log.


-Fri Jan 29 12:34:51 2021

S: Waiting for the user to select Input


-Fri Jan 29 12:34:55 2021

S: Start Receiving and Sending Tokens.


-Fri Jan 29 12:34:55 2021

S: Start Receiving and Sending Tokens.


-Fri Jan 29 12:34:55 2021

S: Start Receiving and Sending Tokens.


-Fri Jan 29 12:35:10 2021

S: Print Log.


-Fri Jan 29 12:37:09 2021

S: Waiting for the user to select Input


-Fri Jan 29 12:37:14 2021

S: Start Receiving and Sending Tokens.


-Fri Jan 29 12:37:14 2021

S: Start Receiving and Sending Tokens.


-Fri Jan 29 12:37:25 2021

S: Stop Receiving Tokens.


-Fri Jan 29 12:37:33 2021

S: Stop Receiving Tokens.


-Fri Jan 29 12:37:45 2021

S: Start Receiving and Sending Tokens.


-Fri Jan 29 12:37:54 2021

S: Print Log.


-Fri Jan 29 12:37:58 2021

S: Print Log.


-Sat Feb  6 10:08:14 2021

S: User Input Selection


-Sat Feb  6 10:08:42 2021

S: Start Receiving and Sending Tokens


-Sat Feb  6 15:19:22 2021

S: User Input Selection


-Sat Feb  6 15:19:34 2021

S: Start Receiving and Sending Tokens


-Sat Feb  6 15:20:15 2021

S: User Input Selection


-Sat Feb  6 15:20:23 2021

S: Start Receiving and Sending Tokens


-Sat Feb  6 15:20:32 2021

S: Stop Receiving Tokens


-Sat Feb  6 15:20:37 2021

S: Start Receiving and Sending Tokens


-Sat Feb  6 15:20:43 2021

S: Print Log


-Sat Feb  6 15:20:50 2021

S: Stop Receiving Tokens


-Wed Feb 10 18:22:50 2021

S: User Input Selection


-Wed Feb 10 18:22:59 2021

S: Start Receiving and Sending Tokens


-Wed Feb 10 18:23:10 2021

S: Stop Receiving Tokens


-Wed Feb 10 18:23:23 2021

S: Stop Receiving Tokens


-Wed Feb 10 18:23:28 2021

S: Stop Receiving Tokens


-Sat Feb 13 12:22:21 2021

S: User Input Selection


-Sat Feb 13 12:22:45 2021

S: Start Receiving and Sending Tokens


-Sat Feb 13 12:22:57 2021

S: Print Log


-Sat Feb 13 12:23:01 2021

S: Start Receiving and Sending Tokens


-Sat Feb 13 12:23:22 2021

S: User Input Selection


-Sat Feb 13 12:23:26 2021

S: Start Receiving and Sending Tokens


-Sat Feb 13 12:23:49 2021

S: Print Log


-Sat Feb 13 12:26:42 2021

S: User Input Selection


-Sat Feb 13 12:26:56 2021

S: Start Receiving and Sending Tokens


-Sat Feb 13 12:26:56 2021

S: Start Receiving and Sending Tokens


-Sat Feb 13 12:27:34 2021

S: User Input Selection


-Sat Feb 13 12:27:39 2021

S: Print Log


-Sat Feb 13 12:27:40 2021

S: User Input Selection


-Sat Feb 13 12:28:13 2021

S: User Input Selection


-Sat Feb 13 12:28:20 2021

S: Print Log


-Sat Feb 13 12:28:21 2021

S: User Input Selection


-Sat Feb 13 12:28:31 2021

S: User Input Selection


-Sat Feb 13 12:28:57 2021

S: Start Receiving and Sending Tokens


-Sat Feb 13 12:28:57 2021

S: Start Receiving and Sending Tokens


-Sat Feb 13 12:28:57 2021

S: Start Receiving and Sending Tokens


-Sat Feb 13 12:32:51 2021

S: User Input Selection


-Sat Feb 13 12:32:59 2021

S: Start Receiving and Sending Tokens


-Sat Feb 13 12:33:21 2021

S: Print Log

